#
# There is insufficient memory for the Java Runtime Environment to continue.
# Native memory allocation (malloc) failed to allocate 96206848 bytes for committing reserved memory.
# Possible reasons:
#   The system is out of physical RAM or swap space
#   In 32 bit mode, the process size limit was hit
# Possible solutions:
#   Reduce memory load on the system
#   Increase physical memory or swap space
#   Check if swap backing store is full
#   Use 64 bit Java on a 64 bit OS
#   Decrease Java heap size (-Xmx/-Xms)
#   Decrease number of Java threads
#   Decrease Java thread stack sizes (-Xss)
#   Set larger code cache with -XX:ReservedCodeCacheSize=
# This output file may be truncated or incomplete.
#
#  Out of Memory Error (os_linux.cpp:2798), pid=9939, tid=1601174336
#
# JRE version: OpenJDK Runtime Environment (7.0_65-b32) (build 1.7.0_65-b32)
# Java VM: OpenJDK Server VM (24.65-b04 mixed mode linux-x86 )
# Derivative: IcedTea 2.5.3
# Distribution: Ubuntu 14.04 LTS, package 7u71-2.5.3-0ubuntu0.14.04.1
# Failed to write core dump. Core dumps have been disabled. To enable core dumping, try "ulimit -c unlimited" before starting Java again
#

---------------  T H R E A D  ---------------

Current thread (0x5f780400):  VMThread [stack: 0x5f67f000,0x5f700000] [id=9947]

Stack: [0x5f67f000,0x5f700000]
VM_Operation (0x5ddaadb8): ParallelGCFailedAllocation, mode: safepoint, requested by thread 0x5ee1f400


---------------  P R O C E S S  ---------------

Java Threads: ( => current thread )
  0x0927c000 JavaThread "Stdin handler" [_thread_blocked, id=10031, stack(0x5dbaf000,0x5dc00000)]
  0x5ee1f400 JavaThread "Daemon worker Thread 2" [_thread_blocked, id=10028, stack(0x5dd5e000,0x5ddaf000)]
  0x5de89800 JavaThread "Cancel handler" [_thread_blocked, id=10027, stack(0x5ddaf000,0x5de00000)]
  0x5de7d800 JavaThread "Handler for socket connection from /127.0.0.1:40775 to /127.0.0.1:34277" [_thread_in_native, id=10026, stack(0x5dd0d000,0x5dd5e000)]
  0x62d06c00 JavaThread "Daemon Thread 2" [_thread_blocked, id=10025, stack(0x5df46000,0x5df97000)]
  0x5d8e9800 JavaThread "File lock request listener" [_thread_in_native, id=9965, stack(0x5d5af000,0x5d600000)]
  0x5de72400 JavaThread "Incoming local TCP Connector on port 40775" [_thread_in_native, id=9955, stack(0x5df97000,0x5dfe8000)]
  0x5f79b800 JavaThread "Service Thread" daemon [_thread_blocked, id=9953, stack(0x5f42e000,0x5f47f000)]
  0x5f799c00 JavaThread "C2 CompilerThread1" daemon [_thread_blocked, id=9952, stack(0x5f07f000,0x5f100000)]
  0x5f797c00 JavaThread "C2 CompilerThread0" daemon [_thread_blocked, id=9951, stack(0x5f47f000,0x5f500000)]
  0x5f796400 JavaThread "Signal Dispatcher" daemon [_thread_blocked, id=9950, stack(0x5f62e000,0x5f67f000)]
  0x5f784800 JavaThread "Finalizer" daemon [_thread_blocked, id=9949, stack(0x6282e000,0x6287f000)]
  0x5f783000 JavaThread "Reference Handler" daemon [_thread_blocked, id=9948, stack(0x62a2e000,0x62a7f000)]
  0xb6407c00 JavaThread "main" [_thread_blocked, id=9942, stack(0xb6591000,0xb65e2000)]

Other Threads:
=>0x5f780400 VMThread [stack: 0x5f67f000,0x5f700000] [id=9947]
  0x5f79d800 WatcherThread [stack: 0x5effe000,0x5f07f000] [id=9954]

VM state:at safepoint (normal execution)

VM Mutex/Monitor currently owned by a thread:  ([mutex/lock_event])
[0xb64052c8] Threads_lock - owner thread: 0x5f780400
[0xb64056d8] Heap_lock - owner thread: 0x5ee1f400

Heap
 PSYoungGen      total 171008K, used 15091K [0x9ddc0000, 0xa97c0000, 0xb3340000)
  eden space 155904K, 0% used [0x9ddc0000,0x9ddc0000,0xa7600000)
  from space 15104K, 99% used [0xa8900000,0xa97bcea0,0xa97c0000)
  to   space 15360K, 0% used [0xa7600000,0xa7600000,0xa8500000)
 ParOldGen       total 41984K, used 33003K [0x73340000, 0x75c40000, 0x9ddc0000)
  object space 41984K, 78% used [0x73340000,0x7537add0,0x75c40000)
 PSPermGen       total 55552K, used 30978K [0x63340000, 0x66980000, 0x73340000)
  object space 55552K, 55% used [0x63340000,0x65180870,0x66980000)

Card table byte_map: [0x630bf000,0x63340000] byte_map_base: 0x62da5600

Polling page: 0xb7795000

Code Cache  [0xb3400000, 0xb37c8000, 0xb6400000)
 total_blobs=1349 nmethods=955 adapters=346 free_code_cache=45338Kb largest_free_block=46380096

Compilation events (10 events):
Event: 239.597 Thread 0x5f799c00 nmethod 1043 0xb37aa648 code [0xb37aa880, 0xb37ab230]
Event: 239.597 Thread 0x5f799c00 1045   !         org.gradle.api.internal.AbstractClassGenerator::generateUnderLock (1037 bytes)
Event: 239.700 Thread 0x5f797c00 nmethod 1044 0xb37bf188 code [0xb37bf580, 0xb37c18c4]
Event: 239.700 Thread 0x5f797c00 1046             org.codehaus.groovy.reflection.ReflectionCache::getCachedClass (14 bytes)
Event: 239.717 Thread 0x5f797c00 nmethod 1046 0xb37bd8c8 code [0xb37bdac0, 0xb37be2ec]
Event: 239.717 Thread 0x5f797c00 1047             groovy.lang.MetaBeanProperty::getSetter (5 bytes)
Event: 239.717 Thread 0x5f797c00 nmethod 1047 0xb3780e48 code [0xb3780f20, 0xb3780f70]
Event: 239.718 Thread 0x5f797c00 1048             org.codehaus.groovy.reflection.ClassInfo::getLocalClassInfoMap (37 bytes)
Event: 239.724 Thread 0x5f797c00 nmethod 1048 0xb37bb788 code [0xb37bb8c0, 0xb37bbb44]
Event: 239.724 Thread 0x5f797c00 1049             org.gradle.api.internal.project.taskfactory.AnnotationProcessingTaskFactory$Validator::attachActions (219 bytes)

GC Heap History (10 events):
Event: 12.354 GC heap after
Heap after GC invocations=10 (full 0):
 PSYoungGen      total 106240K, used 6132K [0x9ddc0000, 0xa5000000, 0xb3340000)
  eden space 100096K, 0% used [0x9ddc0000,0x9ddc0000,0xa3f80000)
  from space 6144K, 99% used [0xa4700000,0xa4cfd300,0xa4d00000)
  to   space 7680K, 0% used [0xa3f80000,0xa3f80000,0xa4700000)
 ParOldGen       total 41984K, used 11409K [0x73340000, 0x75c40000, 0x9ddc0000)
  object space 41984K, 27% used [0x73340000,0x73e64790,0x75c40000)
 PSPermGen       total 17408K, used 17217K [0x63340000, 0x64440000, 0x73340000)
  object space 17408K, 98% used [0x63340000,0x644106e0,0x64440000)
}
Event: 16.419 GC heap before
{Heap before GC invocations=11 (full 0):
 PSYoungGen      total 106240K, used 106228K [0x9ddc0000, 0xa5000000, 0xb3340000)
  eden space 100096K, 100% used [0x9ddc0000,0xa3f80000,0xa3f80000)
  from space 6144K, 99% used [0xa4700000,0xa4cfd300,0xa4d00000)
  to   space 7680K, 0% used [0xa3f80000,0xa3f80000,0xa4700000)
 ParOldGen       total 41984K, used 11409K [0x73340000, 0x75c40000, 0x9ddc0000)
  object space 41984K, 27% used [0x73340000,0x73e64790,0x75c40000)
 PSPermGen       total 21760K, used 21676K [0x63340000, 0x64880000, 0x73340000)
  object space 21760K, 99% used [0x63340000,0x6486b198,0x64880000)
Event: 16.498 GC heap after
Heap after GC invocations=11 (full 0):
 PSYoungGen      total 107776K, used 7674K [0x9ddc0000, 0xa8fc0000, 0xb3340000)
  eden space 100096K, 0% used [0x9ddc0000,0x9ddc0000,0xa3f80000)
  from space 7680K, 99% used [0xa3f80000,0xa46fea20,0xa4700000)
  to   space 11008K, 0% used [0xa8500000,0xa8500000,0xa8fc0000)
 ParOldGen       total 41984K, used 17941K [0x73340000, 0x75c40000, 0x9ddc0000)
  object space 41984K, 42% used [0x73340000,0x744c55f8,0x75c40000)
 PSPermGen       total 21760K, used 21676K [0x63340000, 0x64880000, 0x73340000)
  object space 21760K, 99% used [0x63340000,0x6486b198,0x64880000)
}
Event: 19.673 GC heap before
{Heap before GC invocations=12 (full 0):
 PSYoungGen      total 107776K, used 107770K [0x9ddc0000, 0xa8fc0000, 0xb3340000)
  eden space 100096K, 100% used [0x9ddc0000,0xa3f80000,0xa3f80000)
  from space 7680K, 99% used [0xa3f80000,0xa46fea20,0xa4700000)
  to   space 11008K, 0% used [0xa8500000,0xa8500000,0xa8fc0000)
 ParOldGen       total 41984K, used 17941K [0x73340000, 0x75c40000, 0x9ddc0000)
  object space 41984K, 42% used [0x73340000,0x744c55f8,0x75c40000)
 PSPermGen       total 24320K, used 24149K [0x63340000, 0x64b00000, 0x73340000)
  object space 24320K, 99% used [0x63340000,0x64ad5518,0x64b00000)
Event: 19.772 GC heap after
Heap after GC invocations=12 (full 0):
 PSYoungGen      total 166912K, used 10997K [0x9ddc0000, 0xa9840000, 0xb3340000)
  eden space 155904K, 0% used [0x9ddc0000,0x9ddc0000,0xa7600000)
  from space 11008K, 99% used [0xa8500000,0xa8fbd6d0,0xa8fc0000)
  to   space 15360K, 0% used [0xa7600000,0xa7600000,0xa8500000)
 ParOldGen       total 41984K, used 25297K [0x73340000, 0x75c40000, 0x9ddc0000)
  object space 41984K, 60% used [0x73340000,0x74bf47e8,0x75c40000)
 PSPermGen       total 24320K, used 24149K [0x63340000, 0x64b00000, 0x73340000)
  object space 24320K, 99% used [0x63340000,0x64ad5518,0x64b00000)
}
Event: 27.014 GC heap before
{Heap before GC invocations=13 (full 0):
 PSYoungGen      total 166912K, used 112748K [0x9ddc0000, 0xa9840000, 0xb3340000)
  eden space 155904K, 65% used [0x9ddc0000,0xa411db70,0xa7600000)
  from space 11008K, 99% used [0xa8500000,0xa8fbd6d0,0xa8fc0000)
  to   space 15360K, 0% used [0xa7600000,0xa7600000,0xa8500000)
 ParOldGen       total 41984K, used 25297K [0x73340000, 0x75c40000, 0x9ddc0000)
  object space 41984K, 60% used [0x73340000,0x74bf47e8,0x75c40000)
 PSPermGen       total 27904K, used 27684K [0x63340000, 0x64e80000, 0x73340000)
  object space 27904K, 99% used [0x63340000,0x64e49150,0x64e80000)
Event: 27.088 GC heap after
Heap after GC invocations=13 (full 0):
 PSYoungGen      total 171264K, used 8140K [0x9ddc0000, 0xa97c0000, 0xb3340000)
  eden space 155904K, 0% used [0x9ddc0000,0x9ddc0000,0xa7600000)
  from space 15360K, 53% used [0xa7600000,0xa7df3348,0xa8500000)
  to   space 15104K, 0% used [0xa8900000,0xa8900000,0xa97c0000)
 ParOldGen       total 41984K, used 35538K [0x73340000, 0x75c40000, 0x9ddc0000)
  object space 41984K, 84% used [0x73340000,0x755f4b80,0x75c40000)
 PSPermGen       total 27904K, used 27684K [0x63340000, 0x64e80000, 0x73340000)
  object space 27904K, 99% used [0x63340000,0x64e49150,0x64e80000)
}
Event: 27.088 GC heap before
{Heap before GC invocations=14 (full 1):
 PSYoungGen      total 171264K, used 8140K [0x9ddc0000, 0xa97c0000, 0xb3340000)
  eden space 155904K, 0% used [0x9ddc0000,0x9ddc0000,0xa7600000)
  from space 15360K, 53% used [0xa7600000,0xa7df3348,0xa8500000)
  to   space 15104K, 0% used [0xa8900000,0xa8900000,0xa97c0000)
 ParOldGen       total 41984K, used 35538K [0x73340000, 0x75c40000, 0x9ddc0000)
  object space 41984K, 84% used [0x73340000,0x755f4b80,0x75c40000)
 PSPermGen       total 27904K, used 27684K [0x63340000, 0x64e80000, 0x73340000)
  object space 27904K, 99% used [0x63340000,0x64e49150,0x64e80000)
Event: 27.484 GC heap after
Heap after GC invocations=14 (full 1):
 PSYoungGen      total 171264K, used 0K [0x9ddc0000, 0xa97c0000, 0xb3340000)
  eden space 155904K, 0% used [0x9ddc0000,0x9ddc0000,0xa7600000)
  from space 15360K, 0% used [0xa7600000,0xa7600000,0xa8500000)
  to   space 15104K, 0% used [0xa8900000,0xa8900000,0xa97c0000)
 ParOldGen       total 41984K, used 32964K [0x73340000, 0x75c40000, 0x9ddc0000)
  object space 41984K, 78% used [0x73340000,0x753713e0,0x75c40000)
 PSPermGen       total 55552K, used 27645K [0x63340000, 0x66980000, 0x73340000)
  object space 55552K, 49% used [0x63340000,0x64e3f468,0x66980000)
}
Event: 239.805 GC heap before
{Heap before GC invocations=15 (full 1):
 PSYoungGen      total 171264K, used 155904K [0x9ddc0000, 0xa97c0000, 0xb3340000)
  eden space 155904K, 100% used [0x9ddc0000,0xa7600000,0xa7600000)
  from space 15360K, 0% used [0xa7600000,0xa7600000,0xa8500000)
  to   space 15104K, 0% used [0xa8900000,0xa8900000,0xa97c0000)
 ParOldGen       total 41984K, used 32964K [0x73340000, 0x75c40000, 0x9ddc0000)
  object space 41984K, 78% used [0x73340000,0x753713e0,0x75c40000)
 PSPermGen       total 55552K, used 30978K [0x63340000, 0x66980000, 0x73340000)
  object space 55552K, 55% used [0x63340000,0x65180870,0x66980000)

Deoptimization events (10 events):
Event: 237.800 Thread 0x5ee1f400 Uncommon trap: reason=null_check action=make_not_entrant pc=0xb3723120 method=java.beans.PropertyDescriptor.isAssignable(Ljava/lang/reflect/Method;Ljava/lang/reflect/Method;)Z @ 72
Event: 237.801 Thread 0x5ee1f400 Uncommon trap: reason=null_check action=make_not_entrant pc=0xb36954f4 method=groovy.lang.MetaClassImpl.distanceToObject(Ljava/lang/Class;)I @ 7
Event: 237.811 Thread 0x5ee1f400 Uncommon trap: reason=array_check action=maybe_recompile pc=0xb375e054 method=java.util.TimSort.binarySort([Ljava/lang/Object;IIILjava/util/Comparator;)V @ 215
Event: 237.811 Thread 0x5ee1f400 Uncommon trap: reason=array_check action=maybe_recompile pc=0xb3759cc0 method=java.util.TimSort.binarySort([Ljava/lang/Object;IIILjava/util/Comparator;)V @ 215
Event: 237.811 Thread 0x5ee1f400 Uncommon trap: reason=array_check action=maybe_recompile pc=0xb375e0e8 method=java.util.TimSort.binarySort([Ljava/lang/Object;IIILjava/util/Comparator;)V @ 193
Event: 237.811 Thread 0x5ee1f400 Uncommon trap: reason=array_check action=maybe_recompile pc=0xb375e0e8 method=java.util.TimSort.binarySort([Ljava/lang/Object;IIILjava/util/Comparator;)V @ 193
Event: 238.208 Thread 0x5ee1f400 Uncommon trap: reason=class_check action=maybe_recompile pc=0xb34b7f38 method=java.lang.Throwable.<init>(Ljava/lang/Throwable;)V @ 24
Event: 238.209 Thread 0x5ee1f400 Uncommon trap: reason=class_check action=maybe_recompile pc=0xb34b7f38 method=java.lang.Throwable.<init>(Ljava/lang/Throwable;)V @ 24
Event: 239.507 Thread 0x5ee1f400 Uncommon trap: reason=null_check action=make_not_entrant pc=0xb37ace9c method=java.lang.reflect.Field.getAnnotation(Ljava/lang/Class;)Ljava/lang/annotation/Annotation; @ 22
Event: 239.725 Thread 0x5ee1f400 Uncommon trap: reason=null_check action=make_not_entrant pc=0xb37b15e4 method=sun.reflect.Reflection.filterFields(Ljava/lang/Class;[Ljava/lang/reflect/Field;)[Ljava/lang/reflect/Field; @ 18

Internal exceptions (10 events):
Event: 239.762 Thread 0x5ee1f400 Threw 0xa75a27f8 at /build/buildd/openjdk-7-7u71-2.5.3/build/openjdk/hotspot/src/share/vm/prims/jvm.cpp:1284
Event: 239.762 Thread 0x5ee1f400 Threw 0xa75a3758 at /build/buildd/openjdk-7-7u71-2.5.3/build/openjdk/hotspot/src/share/vm/prims/jvm.cpp:1284
Event: 239.762 Thread 0x5ee1f400 Threw 0xa75ac5d0 at /build/buildd/openjdk-7-7u71-2.5.3/build/openjdk/hotspot/src/share/vm/prims/jvm.cpp:1284
Event: 239.764 Thread 0x5ee1f400 Threw 0xa75b5f50 at /build/buildd/openjdk-7-7u71-2.5.3/build/openjdk/hotspot/src/share/vm/prims/jvm.cpp:1284
Event: 239.764 Thread 0x5ee1f400 Threw 0xa75b6eb0 at /build/buildd/openjdk-7-7u71-2.5.3/build/openjdk/hotspot/src/share/vm/prims/jvm.cpp:1284
Event: 239.764 Thread 0x5ee1f400 Threw 0xa75bfd28 at /build/buildd/openjdk-7-7u71-2.5.3/build/openjdk/hotspot/src/share/vm/prims/jvm.cpp:1284
Event: 239.767 Thread 0x5ee1f400 Threw 0xa75cdce0 at /build/buildd/openjdk-7-7u71-2.5.3/build/openjdk/hotspot/src/share/vm/prims/jvm.cpp:1284
Event: 239.767 Thread 0x5ee1f400 Threw 0xa75ce8e8 at /build/buildd/openjdk-7-7u71-2.5.3/build/openjdk/hotspot/src/share/vm/prims/jvm.cpp:1284
Event: 239.793 Thread 0x5ee1f400 Threw 0xa75fdb50 at /build/buildd/openjdk-7-7u71-2.5.3/build/openjdk/hotspot/src/share/vm/prims/jvm.cpp:1284
Event: 239.793 Thread 0x5ee1f400 Threw 0xa75feb78 at /build/buildd/openjdk-7-7u71-2.5.3/build/openjdk/hotspot/src/share/vm/prims/jvm.cpp:1284

Events (10 events):
Event: 239.756 loading class 0x09407730 done
Event: 239.762 loading class 0x094185e0
Event: 239.762 loading class 0x094185e0 done
Event: 239.764 loading class 0x09407798
Event: 239.764 loading class 0x09407798 done
Event: 239.767 loading class 0x5dc56998
Event: 239.767 loading class 0x5dc56998 done
Event: 239.793 loading class 0x09418478
Event: 239.793 loading class 0x09418478 done
Event: 239.793 Executing VM operation: ParallelGCFailedAllocation


Dynamic libraries:
08048000-08049000 r-xp 00000000 08:03 6817073    /usr/lib/jvm/java-7-openjdk-i386/jre/bin/java
08049000-0804a000 r--p 00000000 08:03 6817073    /usr/lib/jvm/java-7-openjdk-i386/jre/bin/java
0804a000-0804b000 rw-p 00001000 08:03 6817073    /usr/lib/jvm/java-7-openjdk-i386/jre/bin/java
09271000-095f9000 rw-p 00000000 00:00 0          [heap]
5b500000-5b5c0000 rw-p 00000000 00:00 0 
5b5c0000-5b600000 ---p 00000000 00:00 0 
5b700000-5b792000 rw-p 00000000 00:00 0 
5b792000-5b800000 ---p 00000000 00:00 0 
5b900000-5bb00000 rw-p 00000000 00:00 0 
5bb00000-5bbfc000 rw-p 00000000 00:00 0 
5bbfc000-5bc00000 ---p 00000000 00:00 0 
5bc00000-5bce8000 rw-p 00000000 00:00 0 
5bce8000-5bd00000 ---p 00000000 00:00 0 
5bd00000-5bdee000 rw-p 00000000 00:00 0 
5bdee000-5be00000 ---p 00000000 00:00 0 
5be00000-5bee2000 rw-p 00000000 00:00 0 
5bee2000-5bf00000 ---p 00000000 00:00 0 
5bf00000-5bff9000 rw-p 00000000 00:00 0 
5bff9000-5c000000 ---p 00000000 00:00 0 
5c000000-5c0ea000 rw-p 00000000 00:00 0 
5c0ea000-5c100000 ---p 00000000 00:00 0 
5c200000-5c2f9000 rw-p 00000000 00:00 0 
5c2f9000-5c300000 ---p 00000000 00:00 0 
5c400000-5c4f3000 rw-p 00000000 00:00 0 
5c4f3000-5c500000 ---p 00000000 00:00 0 
5c500000-5c5e1000 rw-p 00000000 00:00 0 
5c5e1000-5c600000 ---p 00000000 00:00 0 
5c600000-5c6fb000 rw-p 00000000 00:00 0 
5c6fb000-5c700000 ---p 00000000 00:00 0 
5c700000-5c7ff000 rw-p 00000000 00:00 0 
5c7ff000-5c800000 ---p 00000000 00:00 0 
5c800000-5c8fe000 rw-p 00000000 00:00 0 
5c8fe000-5c900000 ---p 00000000 00:00 0 
5ca00000-5caea000 rw-p 00000000 00:00 0 
5caea000-5cb00000 ---p 00000000 00:00 0 
5cc00000-5cc9d000 rw-p 00000000 00:00 0 
5cc9d000-5cd00000 ---p 00000000 00:00 0 
5cd00000-5cdfb000 rw-p 00000000 00:00 0 
5cdfb000-5ce00000 ---p 00000000 00:00 0 
5ce00000-5ceff000 rw-p 00000000 00:00 0 
5ceff000-5cf00000 ---p 00000000 00:00 0 
5d000000-5d0e4000 rw-p 00000000 00:00 0 
5d0e4000-5d100000 ---p 00000000 00:00 0 
5d15e000-5d161000 ---p 00000000 00:00 0 
5d161000-5d1af000 rw-p 00000000 00:00 0 
5d1af000-5d1b2000 ---p 00000000 00:00 0 
5d1b2000-5d200000 rw-p 00000000 00:00 0 
5d200000-5d2f9000 rw-p 00000000 00:00 0 
5d2f9000-5d300000 ---p 00000000 00:00 0 
5d30d000-5d310000 ---p 00000000 00:00 0 
5d310000-5d35e000 rw-p 00000000 00:00 0 
5d35e000-5d361000 ---p 00000000 00:00 0 
5d361000-5d3af000 rw-p 00000000 00:00 0 
5d3af000-5d3b2000 ---p 00000000 00:00 0 
5d3b2000-5d400000 rw-p 00000000 00:00 0 
5d400000-5d4fb000 rw-p 00000000 00:00 0 
5d4fb000-5d500000 ---p 00000000 00:00 0 
5d526000-5d528000 r--s 0000d000 08:03 6947590    /home/samriddhi/android-studio/gradle/m2repository/commons-codec/commons-codec/1.4/commons-codec-1.4.jar
5d528000-5d52a000 r--s 0000d000 08:03 6300484    /home/samriddhi/android-studio/gradle/m2repository/commons-logging/commons-logging/1.1.1/commons-logging-1.1.1.jar
5d52a000-5d52f000 r--s 00028000 08:03 6689485    /home/samriddhi/android-studio/gradle/m2repository/org/apache/httpcomponents/httpcore/4.1/httpcore-4.1.jar
5d52f000-5d531000 r--s 00004000 08:03 6947458    /home/samriddhi/android-studio/gradle/m2repository/org/ow2/asm/asm-tree/4.0/asm-tree-4.0.jar
5d531000-5d53a000 r--s 000a7000 08:03 6947503    /home/samriddhi/android-studio/gradle/m2repository/com/android/tools/external/lombok/lombok-ast/0.2.2/lombok-ast-0.2.2.jar
5d53a000-5d53c000 r--s 0000a000 08:03 6947455    /home/samriddhi/android-studio/gradle/m2repository/org/ow2/asm/asm/4.0/asm-4.0.jar
5d53c000-5d53d000 r--s 0000a000 08:03 6947586    /home/samriddhi/android-studio/gradle/m2repository/net/sf/kxml/kxml2/2.3.0/kxml2-2.3.0.jar
5d53d000-5d568000 r--s 001f9000 08:03 6947474    /home/samriddhi/android-studio/gradle/m2repository/com/google/guava/guava/17.0/guava-17.0.jar
5d568000-5d56f000 r--s 00053000 08:03 6689536    /home/samriddhi/android-studio/gradle/m2repository/org/apache/commons/commons-compress/1.8.1/commons-compress-1.8.1.jar
5d56f000-5d572000 r--s 00011000 08:03 6947508    /home/samriddhi/android-studio/gradle/m2repository/com/android/tools/layoutlib/layoutlib-api/24.0.0/layoutlib-api-24.0.0.jar
5d572000-5d574000 r--s 00005000 08:03 6556923    /home/samriddhi/android-studio/gradle/m2repository/org/apache/httpcomponents/httpmime/4.1/httpmime-4.1.jar
5d574000-5d57c000 r--s 0004e000 08:03 6689528    /home/samriddhi/android-studio/gradle/m2repository/org/apache/httpcomponents/httpclient/4.1.1/httpclient-4.1.1.jar
5d57c000-5d57d000 r--s 00005000 08:03 6947519    /home/samriddhi/android-studio/gradle/m2repository/com/android/tools/dvlib/24.0.0/dvlib-24.0.0.jar
5d57d000-5d580000 r--s 00029000 08:03 6947495    /home/samriddhi/android-studio/gradle/m2repository/com/android/tools/lint/lint-api/24.0.0/lint-api-24.0.0.jar
5d580000-5d590000 r--s 000d3000 08:03 6947568    /home/samriddhi/android-studio/gradle/m2repository/net/sf/proguard/proguard-base/5.1/proguard-base-5.1.jar
5d590000-5d59e000 r--s 00081000 08:03 6947428    /home/samriddhi/android-studio/gradle/m2repository/org/bouncycastle/bcpkix-jdk15on/1.48/bcpkix-jdk15on-1.48.jar
5d59e000-5d5a0000 r--s 00003000 08:03 6947539    /home/samriddhi/android-studio/gradle/m2repository/com/android/tools/build/builder-model/1.0.0/builder-model-1.0.0.jar
5d5a0000-5d5a5000 r--s 00042000 08:03 6947529    /home/samriddhi/android-studio/gradle/m2repository/com/android/tools/ddms/ddmlib/24.0.0/ddmlib-24.0.0.jar
5d5a5000-5d5af000 r--s 000a8000 08:03 6947559    /home/samriddhi/android-studio/gradle/m2repository/com/android/tools/sdklib/24.0.0/sdklib-24.0.0.jar
5d5af000-5d5b2000 ---p 00000000 00:00 0 
5d5b2000-5d600000 rw-p 00000000 00:00 0          [stack:9965]
5d600000-5d6ed000 rw-p 00000000 00:00 0 
5d6ed000-5d700000 ---p 00000000 00:00 0 
5d700000-5d7fc000 rw-p 00000000 00:00 0 
5d7fc000-5d800000 ---p 00000000 00:00 0 
5d800000-5d8f8000 rw-p 00000000 00:00 0 
5d8f8000-5d900000 ---p 00000000 00:00 0 
5d900000-5d9fe000 rw-p 00000000 00:00 0 
5d9fe000-5da00000 ---p 00000000 00:00 0 
5da00000-5daf9000 rw-p 00000000 00:00 0 
5daf9000-5db00000 ---p 00000000 00:00 0 
5db00000-5db03000 r--s 00029000 08:03 6947556    /home/samriddhi/android-studio/gradle/m2repository/com/android/tools/build/manifest-merger/24.0.0/manifest-merger-24.0.0.jar
5db03000-5db36000 r--s 00203000 08:03 6947434    /home/samriddhi/android-studio/gradle/m2repository/org/bouncycastle/bcprov-jdk15on/1.48/bcprov-jdk15on-1.48.jar
5db36000-5db45000 r--s 001a9000 08:03 6429703    /home/samriddhi/android-studio/gradle/m2repository/org/eclipse/jdt/core/compiler/ecj/4.2.2/ecj-4.2.2.jar
5db45000-5dbaf000 r--s 0069e000 08:03 6817318    /usr/lib/jvm/java-7-openjdk-i386/lib/tools.jar
5dbaf000-5dbb2000 ---p 00000000 00:00 0 
5dbb2000-5dc00000 rw-p 00000000 00:00 0          [stack:10031]
5dc00000-5dce6000 rw-p 00000000 00:00 0 
5dce6000-5dd00000 ---p 00000000 00:00 0 
5dd00000-5dd01000 r--s 00004000 08:03 6947447    /home/samriddhi/android-studio/gradle/m2repository/org/ow2/asm/asm-analysis/4.0/asm-analysis-4.0.jar
5dd01000-5dd03000 r--s 00002000 08:03 6689540    /home/samriddhi/android-studio/gradle/m2repository/com/squareup/javawriter/2.5.0/javawriter-2.5.0.jar
5dd03000-5dd08000 r--s 00047000 08:03 6947512    /home/samriddhi/android-studio/gradle/m2repository/com/android/tools/sdk-common/24.0.0/sdk-common-24.0.0.jar
5dd08000-5dd0d000 r--s 0008c000 08:03 6947490    /home/samriddhi/android-studio/gradle/m2repository/com/android/tools/lint/lint-checks/24.0.0/lint-checks-24.0.0.jar
5dd0d000-5dd10000 ---p 00000000 00:00 0 
5dd10000-5dd5e000 rw-p 00000000 00:00 0          [stack:10026]
5dd5e000-5dd61000 ---p 00000000 00:00 0 
5dd61000-5ddaf000 rw-p 00000000 00:00 0          [stack:10028]
5ddaf000-5ddb2000 ---p 00000000 00:00 0 
5ddb2000-5de00000 rw-p 00000000 00:00 0          [stack:10027]
5de00000-5de95000 rw-p 00000000 00:00 0 
5de95000-5df00000 ---p 00000000 00:00 0 
5df00000-5df01000 r--s 00000000 08:03 6947546    /home/samriddhi/android-studio/gradle/m2repository/com/android/tools/build/builder-test-api/1.0.0/builder-test-api-1.0.0.jar
5df01000-5df03000 r--s 00014000 08:03 6947522    /home/samriddhi/android-studio/gradle/m2repository/com/android/tools/common/24.0.0/common-24.0.0.jar
5df03000-5df04000 r--s 00002000 08:03 6947573    /home/samriddhi/android-studio/gradle/m2repository/net/sf/proguard/proguard-gradle/5.1/proguard-gradle-5.1.jar
5df04000-5df08000 r--s 00031000 08:03 6947536    /home/samriddhi/android-studio/gradle/m2repository/com/android/tools/build/builder/1.0.0/builder-1.0.0.jar
5df08000-5df0a000 r--s 00018000 08:03 6947485    /home/samriddhi/android-studio/gradle/m2repository/com/android/tools/lint/lint/24.0.0/lint-24.0.0.jar
5df0a000-5df1a000 r--s 00138000 08:03 6947551    /home/samriddhi/android-studio/gradle/m2repository/com/android/tools/build/gradle/1.0.0/gradle-1.0.0.jar
5df1a000-5df23000 r--s 000b9000 08:03 6817046    /usr/lib/jvm/java-7-openjdk-i386/jre/lib/resources.jar
5df23000-5df26000 ---p 00000000 00:00 0 
5df26000-5df3e000 rw-p 00000000 00:00 0 
5df3e000-5df3f000 r--p 00000000 00:00 0 
5df3f000-5df46000 r--s 00000000 08:03 3944238    /usr/lib/i386-linux-gnu/gconv/gconv-modules.cache
5df46000-5df49000 ---p 00000000 00:00 0 
5df49000-5df97000 rw-p 00000000 00:00 0          [stack:10025]
5df97000-5df9a000 ---p 00000000 00:00 0 
5df9a000-5dfe8000 rw-p 00000000 00:00 0          [stack:9955]
5dfe8000-5dfec000 r-xp 00000000 08:03 5385074    /tmp/native-platform2519009116325378670dir/libnative-platform.so
5dfec000-5dfed000 rw-p 00003000 08:03 5385074    /tmp/native-platform2519009116325378670dir/libnative-platform.so
5dfed000-5dff2000 r--s 0004c000 08:03 6817023    /usr/lib/jvm/java-7-openjdk-i386/jre/lib/jsse.jar
5dff2000-5dff3000 r--s 00001000 08:03 6300468    /home/samriddhi/android-studio/gradle/gradle-2.2.1/lib/plugins/gradle-plugin-development-2.2.1.jar
5dff3000-5dff5000 r--s 00002000 08:03 6300389    /home/samriddhi/android-studio/gradle/gradle-2.2.1/lib/plugins/gradle-cunit-2.2.1.jar
5dff5000-5e000000 r--s 0004d000 08:03 6300440    /home/samriddhi/android-studio/gradle/gradle-2.2.1/lib/plugins/gradle-platform-native-2.2.1.jar
5e000000-5e1f9000 rw-p 00000000 00:00 0 
5e1f9000-5e200000 ---p 00000000 00:00 0 
5e200000-5e2fb000 rw-p 00000000 00:00 0 
5e2fb000-5e300000 ---p 00000000 00:00 0 
5e300000-5e305000 r--s 00036000 08:03 6300457    /home/samriddhi/android-studio/gradle/gradle-2.2.1/lib/plugins/gradle-ide-native-2.2.1.jar
5e305000-5e30a000 r--s 00013000 08:03 6300427    /home/samriddhi/android-studio/gradle/gradle-2.2.1/lib/plugins/gradle-language-native-2.2.1.jar
5e30a000-5e30c000 r--s 00008000 08:03 6300411    /home/samriddhi/android-studio/gradle/gradle-2.2.1/lib/plugins/gradle-language-groovy-2.2.1.jar
5e30c000-5e311000 r--s 00022000 08:03 6300476    /home/samriddhi/android-studio/gradle/gradle-2.2.1/lib/plugins/gradle-language-java-2.2.1.jar
5e311000-5e314000 r--s 00007000 08:03 6300445    /home/samriddhi/android-studio/gradle/gradle-2.2.1/lib/plugins/gradle-language-jvm-2.2.1.jar
5e314000-5e317000 r--s 00009000 08:03 6300414    /home/samriddhi/android-studio/gradle/gradle-2.2.1/lib/plugins/gradle-platform-jvm-2.2.1.jar
5e317000-5e31c000 r--s 00018000 08:03 6300392    /home/samriddhi/android-studio/gradle/gradle-2.2.1/lib/plugins/gradle-platform-base-2.2.1.jar
5e31c000-5e321000 r--s 00026000 08:03 6300478    /home/samriddhi/android-studio/gradle/gradle-2.2.1/lib/plugins/gradle-build-init-2.2.1.jar
5e321000-5e324000 r--s 0001d000 08:03 6300458    /home/samriddhi/android-studio/gradle/gradle-2.2.1/lib/plugins/gradle-jacoco-2.2.1.jar
5e324000-5e327000 r--s 0000d000 08:03 6300450    /home/samriddhi/android-studio/gradle/gradle-2.2.1/lib/plugins/gradle-ivy-2.2.1.jar
5e327000-5e329000 r--s 00002000 08:03 6300452    /home/samriddhi/android-studio/gradle/gradle-2.2.1/lib/plugins/gradle-publish-2.2.1.jar
5e329000-5e32b000 r--s 00005000 08:03 6300419    /home/samriddhi/android-studio/gradle/gradle-2.2.1/lib/plugins/jatl-0.2.2.jar
5e32b000-5e32d000 r--s 0000f000 08:03 6300447    /home/samriddhi/android-studio/gradle/gradle-2.2.1/lib/plugins/gradle-reporting-2.2.1.jar
5e32d000-5e332000 r--s 00034000 08:03 6300454    /home/samriddhi/android-studio/gradle/gradle-2.2.1/lib/plugins/gradle-diagnostics-2.2.1.jar
5e332000-5e339000 r--s 00090000 08:03 6300396    /home/samriddhi/android-studio/gradle/gradle-2.2.1/lib/plugins/gradle-build-comparison-2.2.1.jar
5e339000-5e340000 r--s 00035000 08:03 6300435    /home/samriddhi/android-studio/gradle/gradle-2.2.1/lib/plugins/simple-4.1.21.jar
5e340000-5e34c000 r--s 00100000 08:03 6300466    /home/samriddhi/android-studio/gradle/gradle-2.2.1/lib/plugins/rhino-1.7R3.jar
5e34c000-5e351000 r--s 0001f000 08:03 6300453    /home/samriddhi/android-studio/gradle/gradle-2.2.1/lib/plugins/gradle-javascript-2.2.1.jar
5e351000-5e353000 r--s 0000e000 08:03 6300451    /home/samriddhi/android-studio/gradle/gradle-2.2.1/lib/plugins/gradle-ear-2.2.1.jar
5e353000-5e357000 r--s 00025000 08:03 6300388    /home/samriddhi/android-studio/gradle/gradle-2.2.1/lib/plugins/bcpg-jdk15-1.46.jar
5e357000-5e35a000 r--s 0001d000 08:03 6300399    /home/samriddhi/android-studio/gradle/gradle-2.2.1/lib/plugins/gradle-signing-2.2.1.jar
5e35a000-5e35b000 r--s 00002000 08:03 6300381    /home/samriddhi/android-studio/gradle/gradle-2.2.1/lib/plugins/sonar-batch-bootstrapper-2.9.jar
5e35b000-5e35e000 r--s 00018000 08:03 6300425    /home/samriddhi/android-studio/gradle/gradle-2.2.1/lib/plugins/gradle-sonar-2.2.1.jar
5e35e000-5e361000 r--s 00017000 08:03 6300410    /home/samriddhi/android-studio/gradle/gradle-2.2.1/lib/plugins/gradle-scala-2.2.1.jar
5e361000-5e363000 r--s 0000e000 08:03 6300416    /home/samriddhi/android-studio/gradle/gradle-2.2.1/lib/plugins/gradle-announce-2.2.1.jar
5e363000-5e371000 r--s 000bc000 08:03 6300393    /home/samriddhi/android-studio/gradle/gradle-2.2.1/lib/plugins/gradle-ide-2.2.1.jar
5e371000-5e373000 r--s 00000000 08:03 6300459    /home/samriddhi/android-studio/gradle/gradle-2.2.1/lib/plugins/plexus-component-annotations-1.5.2.jar
5e373000-5e376000 r--s 0000c000 08:03 6300415    /home/samriddhi/android-studio/gradle/gradle-2.2.1/lib/plugins/pmaven-groovy-0.8-20100325.jar
5e376000-5e377000 r--s 00004000 08:03 6300436    /home/samriddhi/android-studio/gradle/gradle-2.2.1/lib/plugins/pmaven-common-0.8-20100325.jar
5e377000-5e37b000 r--s 0001e000 08:03 6300433    /home/samriddhi/android-studio/gradle/gradle-2.2.1/lib/plugins/gradle-maven-2.2.1.jar
5e37b000-5e393000 r--s 0013b000 08:03 6300470    /home/samriddhi/android-studio/gradle/gradle-2.2.1/lib/plugins/bndlib-2.1.0.jar
5e393000-5e395000 r--s 00004000 08:03 6300403    /home/samriddhi/android-studio/gradle/gradle-2.2.1/lib/plugins/gradle-osgi-2.2.1.jar
5e395000-5e39a000 r--s 00068000 08:03 6300434    /home/samriddhi/android-studio/gradle/gradle-2.2.1/lib/plugins/antlr-2.7.7.jar
5e39a000-5e39b000 r--s 00002000 08:03 6300465    /home/samriddhi/android-studio/gradle/gradle-2.2.1/lib/plugins/ant-antlr-1.9.3.jar
5e39b000-5e39d000 r--s 00004000 08:03 6300456    /home/samriddhi/android-studio/gradle/gradle-2.2.1/lib/plugins/gradle-antlr-2.2.1.jar
5e39d000-5e3a0000 r--s 0001e000 08:03 6300429    /home/samriddhi/android-studio/gradle/gradle-2.2.1/lib/plugins/jsp-api-2.1-6.1.14.jar
5e3a0000-5e3c3000 r--s 00344000 08:03 6300460    /home/samriddhi/android-studio/gradle/gradle-2.2.1/lib/plugins/core-3.1.1.jar
5e3c3000-5e3c4000 r--s 00006000 08:03 6300479    /home/samriddhi/android-studio/gradle/gradle-2.2.1/lib/plugins/jetty-naming-6.1.25.jar
5e3c4000-5e3c6000 r--s 00002000 08:03 6300421    /home/samriddhi/android-studio/gradle/gradle-2.2.1/lib/plugins/jetty-annotations-6.1.25.jar
5e3c6000-5e3d7000 r--s 000ea000 08:03 6300441    /home/samriddhi/android-studio/gradle/gradle-2.2.1/lib/plugins/jsp-2.1-6.1.14.jar
5e3d7000-5e3d9000 r--s 0000d000 08:03 6300391    /home/samriddhi/android-studio/gradle/gradle-2.2.1/lib/plugins/jetty-plus-6.1.25.jar
5e3d9000-5e3db000 r--s 0001f000 08:03 6300413    /home/samriddhi/android-studio/gradle/gradle-2.2.1/lib/plugins/servlet-api-2.5-20081211.jar
5e3db000-5e3df000 r--s 00028000 08:03 6300382    /home/samriddhi/android-studio/gradle/gradle-2.2.1/lib/plugins/jetty-util-6.1.25.jar
5e3df000-5e3e6000 r--s 0007d000 08:03 6300443    /home/samriddhi/android-studio/gradle/gradle-2.2.1/lib/plugins/jetty-6.1.25.jar
5e3e6000-5e3e8000 r--s 00009000 08:03 6300402    /home/samriddhi/android-studio/gradle/gradle-2.2.1/lib/plugins/gradle-jetty-2.2.1.jar
5e3e8000-5e3ed000 r--s 00041000 08:03 6300405    /home/samriddhi/android-studio/gradle/gradle-2.2.1/lib/plugins/gradle-code-quality-2.2.1.jar
5e3ed000-5e3ef000 r--s 00009000 08:03 6300409    /home/samriddhi/android-studio/gradle/gradle-2.2.1/lib/plugins/hamcrest-core-1.3.jar
5e3ef000-5e3f5000 r--s 00033000 08:03 6300446    /home/samriddhi/android-studio/gradle/gradle-2.2.1/lib/plugins/snakeyaml-1.6.jar
5e3f5000-5e3f7000 r--s 00006000 08:03 6300394    /home/samriddhi/android-studio/gradle/gradle-2.2.1/lib/plugins/jcommander-1.12.jar
5e3f7000-5e400000 r--s 00089000 08:03 6300406    /home/samriddhi/android-studio/gradle/gradle-2.2.1/lib/plugins/testng-6.3.1.jar
5e400000-5e4fc000 rw-p 00000000 00:00 0 
5e4fc000-5e500000 ---p 00000000 00:00 0 
5e500000-5e600000 rw-p 00000000 00:00 0 
5e600000-5e6ff000 rw-p 00000000 00:00 0 
5e6ff000-5e700000 ---p 00000000 00:00 0 
5e700000-5e701000 r--s 00002000 08:03 6300408    /home/samriddhi/android-studio/gradle/gradle-2.2.1/lib/plugins/geronimo-annotation_1.0_spec-1.0.jar
5e701000-5e706000 r--s 00040000 08:03 6300455    /home/samriddhi/android-studio/gradle/gradle-2.2.1/lib/plugins/bsh-2.0b4.jar
5e706000-5e708000 r--s 00009000 08:03 6300386    /home/samriddhi/android-studio/gradle/gradle-2.2.1/lib/plugins/commons-cli-1.2.jar
5e708000-5e70e000 r--s 00036000 08:03 6300430    /home/samriddhi/android-studio/gradle/gradle-2.2.1/lib/plugins/junit-4.11.jar
5e70e000-5e71a000 r--s 00075000 08:03 6300400    /home/samriddhi/android-studio/gradle/gradle-2.2.1/lib/plugins/gradle-plugins-2.2.1.jar
5e71a000-5e71d000 r--s 00011000 08:03 6300383    /home/samriddhi/android-studio/gradle/gradle-2.2.1/lib/plugins/gradle-plugin-use-2.2.1.jar
5e71d000-5e735000 r--s 00115000 08:03 6300438    /home/samriddhi/android-studio/gradle/gradle-2.2.1/lib/plugins/xercesImpl-2.9.1.jar
5e735000-5e73d000 r--s 00028000 08:03 6300422    /home/samriddhi/android-studio/gradle/gradle-2.2.1/lib/plugins/xml-apis-1.3.04.jar
5e73d000-5e743000 r--s 0005b000 08:03 6300385    /home/samriddhi/android-studio/gradle/gradle-2.2.1/lib/plugins/jcifs-1.3.17.jar
5e743000-5e749000 r--s 00031000 08:03 6300395    /home/samriddhi/android-studio/gradle/gradle-2.2.1/lib/plugins/httpcore-4.2.2.jar
5e749000-5e74f000 r--s 00033000 08:03 6300384    /home/samriddhi/android-studio/gradle/gradle-2.2.1/lib/plugins/commons-codec-1.6.jar
5e74f000-5e752000 r--s 0001c000 08:03 6300474    /home/samriddhi/android-studio/gradle/gradle-2.2.1/lib/plugins/nekohtml-1.9.14.jar
5e752000-5e75b000 r--s 00060000 08:03 6300407    /home/samriddhi/android-studio/gradle/gradle-2.2.1/lib/plugins/httpclient-4.2.2.jar
5e75b000-5e75d000 r--s 00007000 08:03 6300464    /home/samriddhi/android-studio/gradle/gradle-2.2.1/lib/plugins/gradle-resources-http-2.2.1.jar
5e75d000-5e785000 r--s 00194000 08:03 6300420    /home/samriddhi/android-studio/gradle/gradle-2.2.1/lib/plugins/bcprov-jdk15-1.46.jar
5e785000-5e789000 r--s 0001d000 08:03 6300461    /home/samriddhi/android-studio/gradle/gradle-2.2.1/lib/plugins/xbean-reflect-3.4.jar
5e789000-5e78e000 r--s 0002a000 08:03 6300471    /home/samriddhi/android-studio/gradle/gradle-2.2.1/lib/plugins/gson-2.2.4.jar
5e78e000-5e792000 r--s 0003d000 08:03 6300426    /home/samriddhi/android-studio/gradle/gradle-2.2.1/lib/plugins/jsch-0.1.51.jar
5e792000-5e7ab000 r--s 00129000 08:03 6300467    /home/samriddhi/android-studio/gradle/gradle-2.2.1/lib/plugins/maven-ant-tasks-2.1.3.jar
5e7ab000-5e7ba000 r--s 000d9000 08:03 6300449    /home/samriddhi/android-studio/gradle/gradle-2.2.1/lib/plugins/ivy-2.2.0.jar
5e7ba000-5e7be000 r--s 0001e000 08:03 6300423    /home/samriddhi/android-studio/gradle/gradle-2.2.1/lib/plugins/jarjar-aether-impl-1.13.1.jar
5e7be000-5e7c1000 r--s 00027000 08:03 6300428    /home/samriddhi/android-studio/gradle/gradle-2.2.1/lib/plugins/jarjar-maven-model-3.0.4.jar
5e7c1000-5e7c4000 r--s 0000b000 08:03 6300418    /home/samriddhi/android-studio/gradle/gradle-2.2.1/lib/plugins/jarjar-maven-artifact-3.0.4.jar
5e7c4000-5e7c8000 r--s 0001e000 08:03 6300398    /home/samriddhi/android-studio/gradle/gradle-2.2.1/lib/plugins/jarjar-aether-util-1.13.1.jar
5e7c8000-5e7ca000 r--s 00007000 08:03 6300472    /home/samriddhi/android-studio/gradle/gradle-2.2.1/lib/plugins/jarjar-wagon-http-shared4-2.4.jar
5e7ca000-5e7d7000 r--s 00083000 08:03 6300397    /home/samriddhi/android-studio/gradle/gradle-2.2.1/lib/plugins/jarjar-maven-core-3.0.4.jar
5e7d7000-5e7d9000 r--s 00003000 08:03 6300448    /home/samriddhi/android-studio/gradle/gradle-2.2.1/lib/plugins/jarjar-aether-spi-1.13.1.jar
5e7d9000-5e7db000 r--s 00009000 08:03 6300437    /home/samriddhi/android-studio/gradle/gradle-2.2.1/lib/plugins/jarjar-maven-settings-builder-3.0.4.jar
5e7db000-5e7df000 r--s 00014000 08:03 6300412    /home/samriddhi/android-studio/gradle/gradle-2.2.1/lib/plugins/jarjar-aether-api-1.13.1.jar
5e7df000-5e7e6000 r--s 00042000 08:03 6300401    /home/samriddhi/android-studio/gradle/gradle-2.2.1/lib/plugins/jarjar-maven-compat-3.0.4.jar
5e7e6000-5e7e8000 r--s 00006000 08:03 6300417    /home/samriddhi/android-studio/gradle/gradle-2.2.1/lib/plugins/jarjar-aether-connector-wagon-1.13.1.jar
5e7e8000-5e800000 r--s 000b5000 08:03 6300439    /home/samriddhi/android-studio/gradle/gradle-2.2.1/lib/plugins/gradle-dependency-management-2.2.1.jar
5e800000-5e8fa000 rw-p 00000000 00:00 0 
5e8fa000-5e900000 ---p 00000000 00:00 0 
5e900000-5e902000 r--s 00000000 08:03 6300404    /home/samriddhi/android-studio/gradle/gradle-2.2.1/lib/plugins/jarjar-plexus-component-annotations-1.5.5.jar
5e902000-5e904000 r--s 00006000 08:03 6300390    /home/samriddhi/android-studio/gradle/gradle-2.2.1/lib/plugins/jarjar-plexus-sec-dispatcher-1.3.jar
5e904000-5e909000 r--s 00022000 08:03 6300463    /home/samriddhi/android-studio/gradle/gradle-2.2.1/lib/plugins/jarjar-maven-model-builder-3.0.4.jar
5e909000-5e90b000 r--s 0000b000 08:03 6300432    /home/samriddhi/android-studio/gradle/gradle-2.2.1/lib/plugins/jarjar-maven-plugin-api-3.0.4.jar
5e90b000-5e90e000 r--s 0000a000 08:03 6300387    /home/samriddhi/android-studio/gradle/gradle-2.2.1/lib/plugins/jarjar-plexus-classworlds-2.4.jar
5e90e000-5e912000 r--s 00035000 08:03 6300473    /home/samriddhi/android-studio/gradle/gradle-2.2.1/lib/plugins/jarjar-plexus-utils-2.0.6.jar
5e912000-5e914000 r--s 0000e000 08:03 6300475    /home/samriddhi/android-studio/gradle/gradle-2.2.1/lib/plugins/jarjar-plexus-interpolation-1.14.jar
5e914000-5e916000 r--s 00002000 08:03 6300424    /home/samriddhi/android-studio/gradle/gradle-2.2.1/lib/plugins/jarjar-plexus-cipher-1.7.jar
5e916000-5e952000 r-xp 00000000 08:03 131135     /lib/i386-linux-gnu/libpcre.so.3.13.1
5e952000-5e953000 r--p 0003b000 08:03 131135     /lib/i386-linux-gnu/libpcre.so.3.13.1
5e953000-5e954000 rw-p 0003c000 08:03 131135     /lib/i386-linux-gnu/libpcre.so.3.13.1
5e954000-5e959000 r-xp 00000000 08:03 3932351    /usr/lib/i386-linux-gnu/libffi.so.6.0.1
5e959000-5e95a000 r--p 00005000 08:03 3932351    /usr/lib/i386-linux-gnu/libffi.so.6.0.1
5e95a000-5e95b000 rw-p 00006000 08:03 3932351    /usr/lib/i386-linux-gnu/libffi.so.6.0.1
5e95b000-5e96e000 r-xp 00000000 08:03 135208     /lib/i386-linux-gnu/libresolv-2.19.so
5e96e000-5e96f000 ---p 00013000 08:03 135208     /lib/i386-linux-gnu/libresolv-2.19.so
5e96f000-5e970000 r--p 00013000 08:03 135208     /lib/i386-linux-gnu/libresolv-2.19.so
5e970000-5e971000 rw-p 00014000 08:03 135208     /lib/i386-linux-gnu/libresolv-2.19.so
5e971000-5e973000 rw-p 00000000 00:00 0 
5e973000-5ea7d000 r-xp 00000000 08:03 135066     /lib/i386-linux-gnu/libglib-2.0.so.0.4002.0
5ea7d000-5ea7e000 r--p 00109000 08:03 135066     /lib/i386-linux-gnu/libglib-2.0.so.0.4002.0
5ea7e000-5ea7f000 rw-p 0010a000 08:03 135066     /lib/i386-linux-gnu/libglib-2.0.so.0.4002.0
5ea7f000-5ebfc000 r-xp 00000000 08:03 3940209    /usr/lib/i386-linux-gnu/libgio-2.0.so.0.4002.0
5ebfc000-5ebfe000 r--p 0017d000 08:03 3940209    /usr/lib/i386-linux-gnu/libgio-2.0.so.0.4002.0
5ebfe000-5ebff000 rw-p 0017f000 08:03 3940209    /usr/lib/i386-linux-gnu/libgio-2.0.so.0.4002.0
5ebff000-5ec00000 rw-p 00000000 00:00 0 
5ec00000-5ecfc000 rw-p 00000000 00:00 0 
5ecfc000-5ed00000 ---p 00000000 00:00 0 
5ed00000-5edff000 rw-p 00000000 00:00 0 
5edff000-5ee00000 ---p 00000000 00:00 0 
5ee00000-5eefa000 rw-p 00000000 00:00 0 
5eefa000-5ef00000 ---p 00000000 00:00 0 
5ef00000-5ef20000 r-xp 00000000 08:03 131137     /lib/i386-linux-gnu/libselinux.so.1
5ef20000-5ef21000 r--p 0001f000 08:03 131137     /lib/i386-linux-gnu/libselinux.so.1
5ef21000-5ef22000 rw-p 00020000 08:03 131137     /lib/i386-linux-gnu/libselinux.so.1
5ef22000-5ef23000 rw-p 00000000 00:00 0 
5ef23000-5ef73000 r-xp 00000000 08:03 3935259    /usr/lib/i386-linux-gnu/libgobject-2.0.so.0.4002.0
5ef73000-5ef74000 r--p 0004f000 08:03 3935259    /usr/lib/i386-linux-gnu/libgobject-2.0.so.0.4002.0
5ef74000-5ef75000 rw-p 00050000 08:03 3935259    /usr/lib/i386-linux-gnu/libgobject-2.0.so.0.4002.0
5ef75000-5ef76000 r--s 00002000 08:03 6300462    /home/samriddhi/android-studio/gradle/gradle-2.2.1/lib/plugins/jarjar-wagon-http-2.4.jar
5ef76000-5ef78000 r--s 0000c000 08:03 6300469    /home/samriddhi/android-studio/gradle/gradle-2.2.1/lib/plugins/jarjar-wagon-provider-api-2.4.jar
5ef78000-5ef80000 r--s 00031000 08:03 6300444    /home/samriddhi/android-studio/gradle/gradle-2.2.1/lib/plugins/jarjar-plexus-container-default-1.5.5.jar
5ef80000-5ef91000 r-xp 00000000 08:03 6816984    /usr/lib/jvm/java-7-openjdk-i386/jre/lib/i386/libnio.so
5ef91000-5ef92000 r--p 00010000 08:03 6816984    /usr/lib/jvm/java-7-openjdk-i386/jre/lib/i386/libnio.so
5ef92000-5ef93000 rw-p 00011000 08:03 6816984    /usr/lib/jvm/java-7-openjdk-i386/jre/lib/i386/libnio.so
5ef93000-5effe000 r--s 00685000 08:03 6166261    /home/samriddhi/android-studio/gradle/gradle-2.2.1/lib/groovy-all-2.3.6.jar
5effe000-5efff000 ---p 00000000 00:00 0 
5efff000-5f07f000 rw-p 00000000 00:00 0          [stack:9954]
5f07f000-5f082000 ---p 00000000 00:00 0 
5f082000-5f100000 rw-p 00000000 00:00 0          [stack:9952]
5f100000-5f300000 r--p 00000000 08:03 3937370    /usr/lib/locale/locale-archive
5f300000-5f321000 rw-p 00000000 00:00 0 
5f321000-5f400000 ---p 00000000 00:00 0 
5f400000-5f402000 r--s 0000d000 08:03 6300477    /home/samriddhi/android-studio/gradle/gradle-2.2.1/lib/plugins/jarjar-maven-aether-provider-3.0.4.jar
5f402000-5f403000 r--s 00007000 08:03 6300431    /home/samriddhi/android-studio/gradle/gradle-2.2.1/lib/plugins/jarjar-maven-repository-metadata-3.0.4.jar
5f403000-5f404000 r--s 0000b000 08:03 6300442    /home/samriddhi/android-studio/gradle/gradle-2.2.1/lib/plugins/jarjar-maven-settings-3.0.4.jar
5f404000-5f407000 r-xp 00000000 08:03 3944040    /usr/lib/i386-linux-gnu/libgmodule-2.0.so.0.4002.0
5f407000-5f408000 r--p 00002000 08:03 3944040    /usr/lib/i386-linux-gnu/libgmodule-2.0.so.0.4002.0
5f408000-5f409000 rw-p 00003000 08:03 3944040    /usr/lib/i386-linux-gnu/libgmodule-2.0.so.0.4002.0
5f409000-5f420000 r-xp 00000000 08:03 6816995    /usr/lib/jvm/java-7-openjdk-i386/jre/lib/i386/libnet.so
5f420000-5f421000 r--p 00016000 08:03 6816995    /usr/lib/jvm/java-7-openjdk-i386/jre/lib/i386/libnet.so
5f421000-5f422000 rw-p 00017000 08:03 6816995    /usr/lib/jvm/java-7-openjdk-i386/jre/lib/i386/libnet.so
5f422000-5f423000 r--s 00005000 08:03 6166285    /home/samriddhi/android-studio/gradle/gradle-2.2.1/lib/gradle-wrapper-2.2.1.jar
5f423000-5f42c000 r--s 0002c000 08:03 6166290    /home/samriddhi/android-studio/gradle/gradle-2.2.1/lib/gradle-tooling-api-2.2.1.jar
5f42c000-5f42e000 r--s 00002000 08:03 6166300    /home/samriddhi/android-studio/gradle/gradle-2.2.1/lib/gradle-open-api-2.2.1.jar
5f42e000-5f431000 ---p 00000000 00:00 0 
5f431000-5f47f000 rw-p 00000000 00:00 0          [stack:9953]
5f47f000-5f482000 ---p 00000000 00:00 0 
5f482000-5f500000 rw-p 00000000 00:00 0          [stack:9951]
5f500000-5f5fb000 rw-p 00000000 00:00 0 
5f5fb000-5f600000 ---p 00000000 00:00 0 
5f600000-5f606000 r--s 00032000 08:03 6166293    /home/samriddhi/android-studio/gradle/gradle-2.2.1/lib/jaxen-1.1.jar
5f606000-5f60b000 r--s 00048000 08:03 6166264    /home/samriddhi/android-studio/gradle/gradle-2.2.1/lib/dom4j-1.6.1.jar
5f60b000-5f616000 r--s 00059000 08:03 6166303    /home/samriddhi/android-studio/gradle/gradle-2.2.1/lib/gradle-ui-2.2.1.jar
5f616000-5f618000 r--s 00006000 08:03 6166267    /home/samriddhi/android-studio/gradle/gradle-2.2.1/lib/gradle-resources-2.2.1.jar
5f618000-5f61a000 r--s 00007000 08:03 6166295    /home/samriddhi/android-studio/gradle/gradle-2.2.1/lib/objenesis-1.2.jar
5f61a000-5f61c000 r--s 00000000 08:03 6166296    /home/samriddhi/android-studio/gradle/gradle-2.2.1/lib/minlog-1.2.jar
5f61c000-5f61e000 r--s 0000f000 08:03 6166301    /home/samriddhi/android-studio/gradle/gradle-2.2.1/lib/reflectasm-1.07-shaded.jar
5f61e000-5f622000 r--s 00026000 08:03 6166307    /home/samriddhi/android-studio/gradle/gradle-2.2.1/lib/kryo-2.20.jar
5f622000-5f62b000 r--s 00039000 08:03 6166292    /home/samriddhi/android-studio/gradle/gradle-2.2.1/lib/gradle-messaging-2.2.1.jar
5f62b000-5f62c000 r--s 00003000 08:03 6166305    /home/samriddhi/android-studio/gradle/gradle-2.2.1/lib/native-platform-freebsd-amd64-0.10.jar
5f62c000-5f62d000 r--s 00003000 08:03 6166287    /home/samriddhi/android-studio/gradle/gradle-2.2.1/lib/native-platform-freebsd-i386-0.10.jar
5f62d000-5f62e000 r--s 00005000 08:03 6166291    /home/samriddhi/android-studio/gradle/gradle-2.2.1/lib/native-platform-windows-i386-0.10.jar
5f62e000-5f631000 ---p 00000000 00:00 0 
5f631000-5f67f000 rw-p 00000000 00:00 0          [stack:9950]
5f67f000-5f680000 ---p 00000000 00:00 0 
5f680000-5f700000 rw-p 00000000 00:00 0          [stack:9947]
5f700000-5f7ff000 rw-p 00000000 00:00 0 
5f7ff000-5f800000 ---p 00000000 00:00 0 
5f800000-5f801000 r--s 00005000 08:03 6166260    /home/samriddhi/android-studio/gradle/gradle-2.2.1/lib/native-platform-windows-amd64-0.10.jar
5f801000-5f802000 r--s 00003000 08:03 6166263    /home/samriddhi/android-studio/gradle/gradle-2.2.1/lib/native-platform-linux-i386-0.10.jar
5f802000-5f803000 r--s 00003000 08:03 6166271    /home/samriddhi/android-studio/gradle/gradle-2.2.1/lib/native-platform-linux-amd64-0.10.jar
5f803000-5f804000 r--s 00002000 08:03 6166308    /home/samriddhi/android-studio/gradle/gradle-2.2.1/lib/native-platform-osx-amd64-0.10.jar
5f804000-5f805000 r--s 00002000 08:03 6166283    /home/samriddhi/android-studio/gradle/gradle-2.2.1/lib/native-platform-osx-i386-0.10.jar
5f805000-5f807000 r--s 00008000 08:03 6166282    /home/samriddhi/android-studio/gradle/gradle-2.2.1/lib/jansi-1.2.1.jar
5f807000-5f80a000 r--s 0000d000 08:03 6166297    /home/samriddhi/android-studio/gradle/gradle-2.2.1/lib/native-platform-0.10.jar
5f80a000-5f80e000 r--s 000e4000 08:03 6166262    /home/samriddhi/android-studio/gradle/gradle-2.2.1/lib/jna-3.2.7.jar
5f80e000-5f810000 r--s 00008000 08:03 6166281    /home/samriddhi/android-studio/gradle/gradle-2.2.1/lib/gradle-native-2.2.1.jar
5f810000-5f812000 r--s 00005000 08:03 6166304    /home/samriddhi/android-studio/gradle/gradle-2.2.1/lib/gradle-cli-2.2.1.jar
5f812000-5f814000 r--s 00003000 08:03 6166269    /home/samriddhi/android-studio/gradle/gradle-2.2.1/lib/gradle-base-services-groovy-2.2.1.jar
5f814000-5f816000 r--s 0000a000 08:03 6166277    /home/samriddhi/android-studio/gradle/gradle-2.2.1/lib/gradle-model-groovy-2.2.1.jar
5f816000-5f81a000 r--s 0001b000 08:03 6166273    /home/samriddhi/android-studio/gradle/gradle-2.2.1/lib/gradle-model-core-2.2.1.jar
5f81a000-5f81b000 r--s 00000000 08:03 6166286    /home/samriddhi/android-studio/gradle/gradle-2.2.1/lib/gradle-docs-2.2.1.jar
5f81b000-5f81d000 r--s 00003000 08:03 6166270    /home/samriddhi/android-studio/gradle/gradle-2.2.1/lib/jcl-over-slf4j-1.7.7.jar
5f81d000-5f81e000 r--s 00005000 08:03 6166298    /home/samriddhi/android-studio/gradle/gradle-2.2.1/lib/log4j-over-slf4j-1.7.7.jar
5f81e000-5f84f000 r--s 00191000 08:03 6166274    /home/samriddhi/android-studio/gradle/gradle-2.2.1/lib/gradle-core-2.2.1.jar
5f84f000-5fa00000 r--s 01d25000 08:03 6816965    /usr/lib/jvm/java-7-openjdk-i386/jre/lib/rt.jar
5fa00000-62700000 rw-p 00000000 00:00 0 
62700000-627fc000 rw-p 00000000 00:00 0 
627fc000-62800000 ---p 00000000 00:00 0 
62800000-62806000 r--s 0003b000 08:03 6166266    /home/samriddhi/android-studio/gradle/gradle-2.2.1/lib/logback-classic-1.0.13.jar
62806000-6282e000 r--s 001cf000 08:03 6166279    /home/samriddhi/android-studio/gradle/gradle-2.2.1/lib/guava-jdk5-17.0.jar
6282e000-62831000 ---p 00000000 00:00 0 
62831000-6287f000 rw-p 00000000 00:00 0          [stack:9949]
6287f000-62880000 ---p 00000000 00:00 0 
62880000-62900000 rw-p 00000000 00:00 0          [stack:9946]
62900000-62921000 rw-p 00000000 00:00 0 
62921000-62a00000 ---p 00000000 00:00 0 
62a00000-62a03000 r--s 0001b000 08:03 6166272    /home/samriddhi/android-studio/gradle/gradle-2.2.1/lib/jarjar-1.3.jar
62a03000-62a05000 r--s 00000000 08:03 6166294    /home/samriddhi/android-studio/gradle/gradle-2.2.1/lib/jul-to-slf4j-1.7.7.jar
62a05000-62a0f000 r--s 0005d000 08:03 6166276    /home/samriddhi/android-studio/gradle/gradle-2.2.1/lib/logback-core-1.0.13.jar
62a0f000-62a2e000 r--s 001cc000 08:03 6166268    /home/samriddhi/android-studio/gradle/gradle-2.2.1/lib/ant-1.9.3.jar
62a2e000-62a31000 ---p 00000000 00:00 0 
62a31000-62a7f000 rw-p 00000000 00:00 0          [stack:9948]
62a7f000-62a80000 ---p 00000000 00:00 0 
62a80000-62b00000 rw-p 00000000 00:00 0          [stack:9945]
62b00000-62b21000 rw-p 00000000 00:00 0 
62b21000-62c00000 ---p 00000000 00:00 0 
62c00000-62c01000 r--s 00000000 08:03 6166289    /home/samriddhi/android-studio/gradle/gradle-2.2.1/lib/javax.inject-1.jar
62c01000-62c06000 r--s 00041000 08:03 6166265    /home/samriddhi/android-studio/gradle/gradle-2.2.1/lib/commons-lang-2.6.jar
62c06000-62c09000 r--s 00018000 08:03 6166306    /home/samriddhi/android-studio/gradle/gradle-2.2.1/lib/commons-io-1.4.jar
62c09000-62c17000 r--s 0007f000 08:03 6166299    /home/samriddhi/android-studio/gradle/gradle-2.2.1/lib/commons-collections-3.2.1.jar
62c17000-62c1c000 r--s 00036000 08:03 6166288    /home/samriddhi/android-studio/gradle/gradle-2.2.1/lib/asm-all-5.0.3.jar
62c1c000-62c1e000 r--s 00006000 08:03 6166275    /home/samriddhi/android-studio/gradle/gradle-2.2.1/lib/slf4j-api-1.7.7.jar
62c1e000-62c24000 r--s 00026000 08:03 6166284    /home/samriddhi/android-studio/gradle/gradle-2.2.1/lib/gradle-base-services-2.2.1.jar
62c24000-62c7f000 rw-p 00000000 00:00 0 
62c7f000-62c80000 ---p 00000000 00:00 0 
62c80000-62d00000 rw-p 00000000 00:00 0          [stack:9944]
62d00000-62d4d000 rw-p 00000000 00:00 0 
62d4d000-62e00000 ---p 00000000 00:00 0 
62e00000-62e01000 r--s 00000000 08:03 6166280    /home/samriddhi/android-studio/gradle/gradle-2.2.1/lib/jcip-annotations-1.0.jar
62e01000-62e68000 rw-p 00000000 00:00 0 
62e68000-62e69000 ---p 00000000 00:00 0 
62e69000-62f05000 rw-p 00000000 00:00 0          [stack:9943]
62f05000-62f69000 rw-p 00000000 00:00 0 
62f69000-62f7e000 rw-p 00000000 00:00 0 
62f7e000-630bf000 rw-p 00000000 00:00 0 
630bf000-630db000 rw-p 00000000 00:00 0 
630db000-6313f000 rw-p 00000000 00:00 0 
6313f000-63154000 rw-p 00000000 00:00 0 
63154000-63294000 rw-p 00000000 00:00 0 
63294000-632f2000 rw-p 00000000 00:00 0 
632f2000-6333f000 rw-p 00000000 00:00 0 
6333f000-66980000 rw-p 00000000 00:00 0 
66980000-73340000 rw-p 00000000 00:00 0 
73340000-75c40000 rw-p 00000000 00:00 0 
75c40000-9ddc0000 rw-p 00000000 00:00 0 
9ddc0000-a97c0000 rw-p 00000000 00:00 0 
af380000-b3340000 rw-p 00000000 00:00 0 
b3340000-b3350000 rw-p 00000000 00:00 0 
b3350000-b3400000 rw-p 00000000 00:00 0 
b3400000-b37c8000 rwxp 00000000 00:00 0 
b37c8000-b6500000 rw-p 00000000 00:00 0 
b6500000-b6508000 r--s 0003c000 08:03 6166302    /home/samriddhi/android-studio/gradle/gradle-2.2.1/lib/gradle-launcher-2.2.1.jar
b6508000-b650a000 r--s 00012000 08:03 6817043    /usr/lib/jvm/java-7-openjdk-i386/jre/lib/ext/zipfs.jar
b650a000-b650d000 r--s 0000f000 08:03 6817041    /usr/lib/jvm/java-7-openjdk-i386/jre/lib/ext/icedtea-sound.jar
b650d000-b650f000 r--s 00006000 08:03 4203901    /usr/share/java/java-atk-wrapper.jar
b650f000-b651a000 r-xp 00000000 08:03 131994     /lib/i386-linux-gnu/libnss_files-2.19.so
b651a000-b651b000 r--p 0000a000 08:03 131994     /lib/i386-linux-gnu/libnss_files-2.19.so
b651b000-b651c000 rw-p 0000b000 08:03 131994     /lib/i386-linux-gnu/libnss_files-2.19.so
b651c000-b6526000 r-xp 00000000 08:03 135213     /lib/i386-linux-gnu/libnss_nis-2.19.so
b6526000-b6527000 r--p 00009000 08:03 135213     /lib/i386-linux-gnu/libnss_nis-2.19.so
b6527000-b6528000 rw-p 0000a000 08:03 135213     /lib/i386-linux-gnu/libnss_nis-2.19.so
b6528000-b653d000 r-xp 00000000 08:03 135210     /lib/i386-linux-gnu/libnsl-2.19.so
b653d000-b653e000 r--p 00015000 08:03 135210     /lib/i386-linux-gnu/libnsl-2.19.so
b653e000-b653f000 rw-p 00016000 08:03 135210     /lib/i386-linux-gnu/libnsl-2.19.so
b653f000-b6541000 rw-p 00000000 00:00 0 
b6541000-b6545000 r--s 0003c000 08:03 6817042    /usr/lib/jvm/java-7-openjdk-i386/jre/lib/ext/sunpkcs11.jar
b6545000-b6549000 r--s 00085000 08:03 6817045    /usr/lib/jvm/java-7-openjdk-i386/jre/lib/ext/localedata.jar
b6549000-b654d000 r--s 00034000 08:03 6817040    /usr/lib/jvm/java-7-openjdk-i386/jre/lib/ext/sunjce_provider.jar
b654d000-b6555000 r-xp 00000000 08:03 6816980    /usr/lib/jvm/java-7-openjdk-i386/jre/lib/i386/libzip.so
b6555000-b6556000 r--p 00007000 08:03 6816980    /usr/lib/jvm/java-7-openjdk-i386/jre/lib/i386/libzip.so
b6556000-b6557000 rw-p 00008000 08:03 6816980    /usr/lib/jvm/java-7-openjdk-i386/jre/lib/i386/libzip.so
b6557000-b655f000 rw-s 00000000 08:03 5384978    /tmp/hsperfdata_samriddhi/9939
b655f000-b6586000 r-xp 00000000 08:03 6816979    /usr/lib/jvm/java-7-openjdk-i386/jre/lib/i386/libjava.so
b6586000-b6587000 r--p 00026000 08:03 6816979    /usr/lib/jvm/java-7-openjdk-i386/jre/lib/i386/libjava.so
b6587000-b6588000 rw-p 00027000 08:03 6816979    /usr/lib/jvm/java-7-openjdk-i386/jre/lib/i386/libjava.so
b6588000-b658f000 r-xp 00000000 08:03 135209     /lib/i386-linux-gnu/librt-2.19.so
b658f000-b6590000 r--p 00006000 08:03 135209     /lib/i386-linux-gnu/librt-2.19.so
b6590000-b6591000 rw-p 00007000 08:03 135209     /lib/i386-linux-gnu/librt-2.19.so
b6591000-b6594000 ---p 00000000 00:00 0 
b6594000-b65e2000 rw-p 00000000 00:00 0          [stack:9942]
b65e2000-b65fe000 r-xp 00000000 08:03 132080     /lib/i386-linux-gnu/libgcc_s.so.1
b65fe000-b65ff000 rw-p 0001b000 08:03 132080     /lib/i386-linux-gnu/libgcc_s.so.1
b65ff000-b6643000 r-xp 00000000 08:03 135211     /lib/i386-linux-gnu/libm-2.19.so
b6643000-b6644000 r--p 00043000 08:03 135211     /lib/i386-linux-gnu/libm-2.19.so
b6644000-b6645000 rw-p 00044000 08:03 135211     /lib/i386-linux-gnu/libm-2.19.so
b6645000-b6721000 r-xp 00000000 08:03 3935926    /usr/lib/i386-linux-gnu/libstdc++.so.6.0.19
b6721000-b6725000 r--p 000dc000 08:03 3935926    /usr/lib/i386-linux-gnu/libstdc++.so.6.0.19
b6725000-b6726000 rw-p 000e0000 08:03 3935926    /usr/lib/i386-linux-gnu/libstdc++.so.6.0.19
b6726000-b672d000 rw-p 00000000 00:00 0 
b672d000-b7118000 r-xp 00000000 08:03 6816999    /usr/lib/jvm/java-7-openjdk-i386/jre/lib/i386/server/libjvm.so
b7118000-b7119000 ---p 009eb000 08:03 6816999    /usr/lib/jvm/java-7-openjdk-i386/jre/lib/i386/server/libjvm.so
b7119000-b716b000 r--p 009eb000 08:03 6816999    /usr/lib/jvm/java-7-openjdk-i386/jre/lib/i386/server/libjvm.so
b716b000-b717f000 rw-p 00a3d000 08:03 6816999    /usr/lib/jvm/java-7-openjdk-i386/jre/lib/i386/server/libjvm.so
b717f000-b759d000 rw-p 00000000 00:00 0 
b759d000-b75b5000 r-xp 00000000 08:03 131996     /lib/i386-linux-gnu/libz.so.1.2.8
b75b5000-b75b6000 r--p 00017000 08:03 131996     /lib/i386-linux-gnu/libz.so.1.2.8
b75b6000-b75b7000 rw-p 00018000 08:03 131996     /lib/i386-linux-gnu/libz.so.1.2.8
b75b7000-b75cf000 r-xp 00000000 08:03 135224     /lib/i386-linux-gnu/libpthread-2.19.so
b75cf000-b75d0000 r--p 00017000 08:03 135224     /lib/i386-linux-gnu/libpthread-2.19.so
b75d0000-b75d1000 rw-p 00018000 08:03 135224     /lib/i386-linux-gnu/libpthread-2.19.so
b75d1000-b75d3000 rw-p 00000000 00:00 0 
b75d3000-b75d6000 r-xp 00000000 08:03 135226     /lib/i386-linux-gnu/libdl-2.19.so
b75d6000-b75d7000 r--p 00002000 08:03 135226     /lib/i386-linux-gnu/libdl-2.19.so
b75d7000-b75d8000 rw-p 00003000 08:03 135226     /lib/i386-linux-gnu/libdl-2.19.so
b75d8000-b7781000 r-xp 00000000 08:03 135216     /lib/i386-linux-gnu/libc-2.19.so
b7781000-b7782000 ---p 001a9000 08:03 135216     /lib/i386-linux-gnu/libc-2.19.so
b7782000-b7784000 r--p 001a9000 08:03 135216     /lib/i386-linux-gnu/libc-2.19.so
b7784000-b7785000 rw-p 001ab000 08:03 135216     /lib/i386-linux-gnu/libc-2.19.so
b7785000-b7788000 rw-p 00000000 00:00 0 
b7788000-b7789000 r--s 00004000 08:03 6166278    /home/samriddhi/android-studio/gradle/gradle-2.2.1/lib/ant-launcher-1.9.3.jar
b7789000-b778a000 r--s 00002000 08:03 6817044    /usr/lib/jvm/java-7-openjdk-i386/jre/lib/ext/dnsns.jar
b778a000-b778b000 r--p 002c0000 08:03 3937370    /usr/lib/locale/locale-archive
b778b000-b7792000 r-xp 00000000 08:03 135205     /lib/i386-linux-gnu/libnss_compat-2.19.so
b7792000-b7793000 r--p 00006000 08:03 135205     /lib/i386-linux-gnu/libnss_compat-2.19.so
b7793000-b7794000 rw-p 00007000 08:03 135205     /lib/i386-linux-gnu/libnss_compat-2.19.so
b7794000-b7795000 rw-p 00000000 00:00 0 
b7795000-b7796000 ---p 00000000 00:00 0 
b7796000-b77a4000 r-xp 00000000 08:03 6817009    /usr/lib/jvm/java-7-openjdk-i386/jre/lib/i386/libverify.so
b77a4000-b77a5000 r--p 0000d000 08:03 6817009    /usr/lib/jvm/java-7-openjdk-i386/jre/lib/i386/libverify.so
b77a5000-b77a6000 rw-p 0000e000 08:03 6817009    /usr/lib/jvm/java-7-openjdk-i386/jre/lib/i386/libverify.so
b77a6000-b77b2000 r-xp 00000000 08:03 6817014    /usr/lib/jvm/java-7-openjdk-i386/jre/lib/i386/jli/libjli.so
b77b2000-b77b3000 r--p 0000c000 08:03 6817014    /usr/lib/jvm/java-7-openjdk-i386/jre/lib/i386/jli/libjli.so
b77b3000-b77b4000 rw-p 0000d000 08:03 6817014    /usr/lib/jvm/java-7-openjdk-i386/jre/lib/i386/jli/libjli.so
b77b4000-b77b7000 rw-p 00000000 00:00 0 
b77b7000-b77b8000 r-xp 00000000 00:00 0          [vdso]
b77b8000-b77d8000 r-xp 00000000 08:03 135225     /lib/i386-linux-gnu/ld-2.19.so
b77d8000-b77d9000 r--p 0001f000 08:03 135225     /lib/i386-linux-gnu/ld-2.19.so
b77d9000-b77da000 rw-p 00020000 08:03 135225     /lib/i386-linux-gnu/ld-2.19.so
bf9e8000-bf9e9000 rwxp 00000000 00:00 0 
bfa1a000-bfa3c000 rw-p 00000000 00:00 0          [stack]

VM Arguments:
jvm_args: -XX:MaxPermSize=256m -XX:+HeapDumpOnOutOfMemoryError -Xmx1024m -Dfile.encoding=UTF-8 -Duser.country=IN -Duser.language=en -Duser.variant 
java_command: org.gradle.launcher.daemon.bootstrap.GradleDaemon 2.2.1 /home/samriddhi/.gradle/daemon 10800000 9e303bd9-2191-4518-9f58-3bcb735e12d8 -XX:MaxPermSize=256m -XX:+HeapDumpOnOutOfMemoryError -Xmx1024m -Dfile.encoding=UTF-8 -Duser.country=IN -Duser.language=en -Duser.variant
Launcher Type: SUN_STANDARD

Environment Variables:
CLASSPATH=./../lib/bootstrap.jar:./../lib/extensions.jar:./../lib/util.jar:./../lib/jdom.jar:./../lib/log4j.jar:./../lib/trove4j.jar:./../lib/jna.jar:/usr/lib/jvm/java-7-openjdk-i386/lib/tools.jar
PATH=/usr/local/sbin:/usr/local/bin:/usr/sbin:/usr/bin:/sbin:/bin:/usr/games:/usr/local/games
LD_LIBRARY_PATH=.:
SHELL=/bin/bash
DISPLAY=:0

Signal Handlers:
SIGSEGV: [libjvm.so+0x80a5e0], sa_mask[0]=0x7ffbfeff, sa_flags=0x10000004
SIGBUS: [libjvm.so+0x80a5e0], sa_mask[0]=0x7ffbfeff, sa_flags=0x10000004
SIGFPE: [libjvm.so+0x6844f0], sa_mask[0]=0x7ffbfeff, sa_flags=0x10000004
SIGPIPE: [libjvm.so+0x6844f0], sa_mask[0]=0x7ffbfeff, sa_flags=0x10000004
SIGXFSZ: [libjvm.so+0x6844f0], sa_mask[0]=0x7ffbfeff, sa_flags=0x10000004
SIGILL: [libjvm.so+0x6844f0], sa_mask[0]=0x7ffbfeff, sa_flags=0x10000004
SIGUSR1: SIG_DFL, sa_mask[0]=0x00000000, sa_flags=0x00000000
SIGUSR2: [libjvm.so+0x684380], sa_mask[0]=0x00000004, sa_flags=0x10000004
SIGHUP: [libjvm.so+0x6845b0], sa_mask[0]=0x7ffbfeff, sa_flags=0x10000004
SIGINT: [libjvm.so+0x6845b0], sa_mask[0]=0x7ffbfeff, sa_flags=0x10000004
SIGTERM: [libjvm.so+0x6845b0], sa_mask[0]=0x7ffbfeff, sa_flags=0x10000004
SIGQUIT: [libjvm.so+0x6845b0], sa_mask[0]=0x7ffbfeff, sa_flags=0x10000004
SIGTRAP: SIG_DFL, sa_mask[0]=0x00000000, sa_flags=0x00000000


---------------  S Y S T E M  ---------------

OS:Ubuntu 14.04 (trusty)
uname:Linux 3.13.0-40-generic #69-Ubuntu SMP Thu Nov 13 17:56:26 UTC 2014 i686
libc:glibc 2.19 NPTL 2.19 
rlimit: STACK 8192k, CORE 0k, NPROC 31328, NOFILE 4096, AS infinity
load average:1.63 2.03 1.71

/proc/meminfo:
MemTotal:        4029308 kB
MemFree:          223720 kB
Buffers:            1036 kB
Cached:           637588 kB
SwapCached:            0 kB
Active:          3062228 kB
Inactive:         611476 kB
Active(anon):    3037580 kB
Inactive(anon):   585100 kB
Active(file):      24648 kB
Inactive(file):    26376 kB
Unevictable:          68 kB
Mlocked:              68 kB
HighTotal:       3181824 kB
HighFree:          67076 kB
LowTotal:         847484 kB
LowFree:          156644 kB
SwapTotal:             0 kB
SwapFree:              0 kB
Dirty:                 0 kB
Writeback:             0 kB
AnonPages:       3035208 kB
Mapped:           249064 kB
Shmem:            587468 kB
Slab:              48996 kB
SReclaimable:      21260 kB
SUnreclaim:        27736 kB
KernelStack:        5912 kB
PageTables:        22272 kB
NFS_Unstable:          0 kB
Bounce:               48 kB
WritebackTmp:          0 kB
CommitLimit:     2014652 kB
Committed_AS:    9934068 kB
VmallocTotal:     122880 kB
VmallocUsed:       30744 kB
VmallocChunk:      36308 kB
HardwareCorrupted:     0 kB
AnonHugePages:   1140736 kB
HugePages_Total:       0
HugePages_Free:        0
HugePages_Rsvd:        0
HugePages_Surp:        0
Hugepagesize:       2048 kB
DirectMap4k:       49144 kB
DirectMap2M:      862208 kB


CPU:total 4 (2 cores per cpu, 2 threads per core) family 6 model 58 stepping 9, cmov, cx8, fxsr, mmx, sse, sse2, sse3, ssse3, sse4.1, sse4.2, popcnt, avx, aes, erms, ht, tsc, tscinvbit, tscinv

/proc/cpuinfo:
processor	: 0
vendor_id	: GenuineIntel
cpu family	: 6
model		: 58
model name	: Intel(R) Core(TM) i5-3230M CPU @ 2.60GHz
stepping	: 9
microcode	: 0x15
cpu MHz		: 1200.000
cache size	: 3072 KB
physical id	: 0
siblings	: 4
core id		: 0
cpu cores	: 2
apicid		: 0
initial apicid	: 0
fdiv_bug	: no
f00f_bug	: no
coma_bug	: no
fpu		: yes
fpu_exception	: yes
cpuid level	: 13
wp		: yes
flags		: fpu vme de pse tsc msr pae mce cx8 apic sep mtrr pge mca cmov pat pse36 clflush dts acpi mmx fxsr sse sse2 ss ht tm pbe nx rdtscp lm constant_tsc arch_perfmon pebs bts xtopology nonstop_tsc aperfmperf eagerfpu pni pclmulqdq dtes64 monitor ds_cpl vmx est tm2 ssse3 cx16 xtpr pdcm pcid sse4_1 sse4_2 x2apic popcnt tsc_deadline_timer aes xsave avx f16c rdrand lahf_lm arat epb xsaveopt pln pts dtherm tpr_shadow vnmi flexpriority ept vpid fsgsbase smep erms
bogomips	: 5188.31
clflush size	: 64
cache_alignment	: 64
address sizes	: 36 bits physical, 48 bits virtual
power management:

processor	: 1
vendor_id	: GenuineIntel
cpu family	: 6
model		: 58
model name	: Intel(R) Core(TM) i5-3230M CPU @ 2.60GHz
stepping	: 9
microcode	: 0x15
cpu MHz		: 1200.000
cache size	: 3072 KB
physical id	: 0
siblings	: 4
core id		: 0
cpu cores	: 2
apicid		: 1
initial apicid	: 1
fdiv_bug	: no
f00f_bug	: no
coma_bug	: no
fpu		: yes
fpu_exception	: yes
cpuid level	: 13
wp		: yes
flags		: fpu vme de pse tsc msr pae mce cx8 apic sep mtrr pge mca cmov pat pse36 clflush dts acpi mmx fxsr sse sse2 ss ht tm pbe nx rdtscp lm constant_tsc arch_perfmon pebs bts xtopology nonstop_tsc aperfmperf eagerfpu pni pclmulqdq dtes64 monitor ds_cpl vmx est tm2 ssse3 cx16 xtpr pdcm pcid sse4_1 sse4_2 x2apic popcnt tsc_deadline_timer aes xsave avx f16c rdrand lahf_lm arat epb xsaveopt pln pts dtherm tpr_shadow vnmi flexpriority ept vpid fsgsbase smep erms
bogomips	: 5188.31
clflush size	: 64
cache_alignment	: 64
address sizes	: 36 bits physical, 48 bits virtual
power management:

processor	: 2
vendor_id	: GenuineIntel
cpu family	: 6
model		: 58
model name	: Intel(R) Core(TM) i5-3230M CPU @ 2.60GHz
stepping	: 9
microcode	: 0x15
cpu MHz		: 2600.000
cache size	: 3072 KB
physical id	: 0
siblings	: 4
core id		: 1
cpu cores	: 2
apicid		: 2
initial apicid	: 2
fdiv_bug	: no
f00f_bug	: no
coma_bug	: no
fpu		: yes
fpu_exception	: yes
cpuid level	: 13
wp		: yes
flags		: fpu vme de pse tsc msr pae mce cx8 apic sep mtrr pge mca cmov pat pse36 clflush dts acpi mmx fxsr sse sse2 ss ht tm pbe nx rdtscp lm constant_tsc arch_perfmon pebs bts xtopology nonstop_tsc aperfmperf eagerfpu pni pclmulqdq dtes64 monitor ds_cpl vmx est tm2 ssse3 cx16 xtpr pdcm pcid sse4_1 sse4_2 x2apic popcnt tsc_deadline_timer aes xsave avx f16c rdrand lahf_lm arat epb xsaveopt pln pts dtherm tpr_shadow vnmi flexpriority ept vpid fsgsbase smep erms
bogomips	: 5188.31
clflush size	: 64
cache_alignment	: 64
address sizes	: 36 bits physical, 48 bits virtual
power management:

processor	: 3
vendor_id	: GenuineIntel
cpu family	: 6
model		: 58
model name	: Intel(R) Core(TM) i5-3230M CPU @ 2.60GHz
stepping	: 9
microcode	: 0x15
cpu MHz		: 1200.000
cache size	: 3072 KB
physical id	: 0
siblings	: 4
core id		: 1
cpu cores	: 2
apicid		: 3
initial apicid	: 3
fdiv_bug	: no
f00f_bug	: no
coma_bug	: no
fpu		: yes
fpu_exception	: yes
cpuid level	: 13
wp		: yes
flags		: fpu vme de pse tsc msr pae mce cx8 apic sep mtrr pge mca cmov pat pse36 clflush dts acpi mmx fxsr sse sse2 ss ht tm pbe nx rdtscp lm constant_tsc arch_perfmon pebs bts xtopology nonstop_tsc aperfmperf eagerfpu pni pclmulqdq dtes64 monitor ds_cpl vmx est tm2 ssse3 cx16 xtpr pdcm pcid sse4_1 sse4_2 x2apic popcnt tsc_deadline_timer aes xsave avx f16c rdrand lahf_lm arat epb xsaveopt pln pts dtherm tpr_shadow vnmi flexpriority ept vpid fsgsbase smep erms
bogomips	: 5188.31
clflush size	: 64
cache_alignment	: 64
address sizes	: 36 bits physical, 48 bits virtual
power management:



Memory: 4k page, physical 4029308k(223720k free), swap 0k(0k free)

vm_info: OpenJDK Server VM (24.65-b04) for linux-x86 JRE (1.7.0_65-b32), built on Oct 22 2014 04:44:59 by "buildd" with gcc 4.8.2

time: Thu Jul  9 02:29:47 2015
elapsed time: 240 seconds

